2024-04-18T13:10:07+00:00 CRITICAL Uncaught TypeError: call_user_func_array(): Argument #1 ($callback) must be a valid callback, class "WP_Duotone" not found in /var/www/html/wp-includes/class-wp-hook.php:308
Stack trace:
#0 /var/www/html/wp-includes/plugin.php(205): WP_Hook->apply_filters()
#1 /var/www/html/wp-includes/blocks.php(504): apply_filters()
#2 /var/www/html/wp-includes/blocks/legacy-widget.php(62): register_block_type_from_metadata()
#3 /var/www/html/wp-includes/class-wp-hook.php(308): register_block_core_legacy_widget()
#4 /var/www/html/wp-includes/class-wp-hook.php(332): WP_Hook->apply_filters()
#5 /var/www/html/wp-includes/plugin.php(517): WP_Hook->do_action()
#6 /var/www/html/wp-settings.php(623): do_action()
#7 /var/www/html/wp-config.php(96): require_once('...')
#8 /var/www/html/wp-load.php(50): require_once('...')
#9 /var/www/html/wp-blog-header.php(13): require_once('...')
#10 /var/www/html/index.php(17): require('...')
#11 {main}
  thrown in /var/www/html/wp-includes/class-wp-hook.php on line 308

2024-04-18T13:10:07+00:00 CRITICAL Uncaught TypeError: call_user_func_array(): Argument #1 ($callback) must be a valid callback, class "WP_Duotone" not found in /var/www/html/wp-includes/class-wp-hook.php:308
Stack trace:
#0 /var/www/html/wp-includes/plugin.php(205): WP_Hook->apply_filters()
#1 /var/www/html/wp-includes/blocks.php(504): apply_filters()
#2 /var/www/html/wp-includes/blocks/legacy-widget.php(62): register_block_type_from_metadata()
#3 /var/www/html/wp-includes/class-wp-hook.php(308): register_block_core_legacy_widget()
#4 /var/www/html/wp-includes/class-wp-hook.php(332): WP_Hook->apply_filters()
#5 /var/www/html/wp-includes/plugin.php(517): WP_Hook->do_action()
#6 /var/www/html/wp-settings.php(623): do_action()
#7 /var/www/html/wp-config.php(96): require_once('...')
#8 /var/www/html/wp-load.php(50): require_once('...')
#9 /var/www/html/wp-blog-header.php(13): require_once('...')
#10 /var/www/html/index.php(17): require('...')
#11 {main}
  thrown in /var/www/html/wp-includes/class-wp-hook.php on line 308

